<?xml version="1.0" encoding="UTF-8"?>
<testng-results ignored="0" total="1" passed="0" failed="1" skipped="0">
  <reporter-output>
  </reporter-output>
  <suite started-at="2024-11-18T12:30:54 IST" name="Default suite" finished-at="2024-11-18T12:31:39 IST" duration-ms="45260">
    <groups>
    </groups>
    <test started-at="2024-11-18T12:30:54 IST" name="Default test" finished-at="2024-11-18T12:31:39 IST" duration-ms="45260">
      <class name="TC_Repo.CON_001">
        <test-method is-config="true" signature="DBConnection()[pri:0, instance:TC_Repo.CON_001@16293aa2]" started-at="2024-11-18T12:30:54 IST" name="DBConnection" finished-at="2024-11-18T12:30:54 IST" duration-ms="5" status="PASS">
          <reporter-output>
          </reporter-output>
        </test-method> <!-- DBConnection -->
        <test-method is-config="true" signature="launchBrowser(java.lang.String)[pri:0, instance:TC_Repo.CON_001@16293aa2]" started-at="2024-11-18T12:30:54 IST" name="launchBrowser" finished-at="2024-11-18T12:31:05 IST" duration-ms="10865" status="PASS">
          <params>
            <param index="0">
              <value>
                <![CDATA[chrome]]>
              </value>
            </param>
          </params>
          <reporter-output>
          </reporter-output>
        </test-method> <!-- launchBrowser -->
        <test-method is-config="true" signature="loginOperation()[pri:0, instance:TC_Repo.CON_001@16293aa2]" started-at="2024-11-18T12:31:05 IST" name="loginOperation" finished-at="2024-11-18T12:31:16 IST" duration-ms="10508" status="PASS">
          <reporter-output>
          </reporter-output>
        </test-method> <!-- loginOperation -->
        <test-method signature="con_001()[pri:0, instance:TC_Repo.CON_001@16293aa2]" started-at="2024-11-18T12:31:16 IST" name="con_001" finished-at="2024-11-18T12:31:39 IST" duration-ms="23388" status="FAIL">
          <exception class="java.lang.AssertionError">
            <message>
              <![CDATA[null]]>
            </message>
            <full-stacktrace>
              <![CDATA[java.lang.AssertionError: null
at org.testng.Assert.fail(Assert.java:99)
at org.testng.Assert.fail(Assert.java:106)
at TC_Repo.CON_001.con_001(CON_001.java:22)
at java.base/jdk.internal.reflect.DirectMethodHandleAccessor.invoke(DirectMethodHandleAccessor.java:103)
at java.base/java.lang.reflect.Method.invoke(Method.java:580)
at org.testng.internal.MethodInvocationHelper.invokeMethod(MethodInvocationHelper.java:133)
at org.testng.internal.TestInvoker.invokeMethod(TestInvoker.java:598)
at org.testng.internal.TestInvoker.invokeTestMethod(TestInvoker.java:173)
at org.testng.internal.MethodRunner.runInSequence(MethodRunner.java:46)
at org.testng.internal.TestInvoker$MethodInvocationAgent.invoke(TestInvoker.java:824)
at org.testng.internal.TestInvoker.invokeTestMethods(TestInvoker.java:146)
at org.testng.internal.TestMethodWorker.invokeTestMethods(TestMethodWorker.java:146)
at org.testng.internal.TestMethodWorker.run(TestMethodWorker.java:128)
at java.base/java.util.ArrayList.forEach(ArrayList.java:1596)
at org.testng.TestRunner.privateRun(TestRunner.java:794)
at org.testng.TestRunner.run(TestRunner.java:596)
at org.testng.SuiteRunner.runTest(SuiteRunner.java:377)
at org.testng.SuiteRunner.runSequentially(SuiteRunner.java:371)
at org.testng.SuiteRunner.privateRun(SuiteRunner.java:332)
at org.testng.SuiteRunner.run(SuiteRunner.java:276)
at org.testng.SuiteRunnerWorker.runSuite(SuiteRunnerWorker.java:53)
at org.testng.SuiteRunnerWorker.run(SuiteRunnerWorker.java:96)
at org.testng.TestNG.runSuitesSequentially(TestNG.java:1212)
at org.testng.TestNG.runSuitesLocally(TestNG.java:1134)
at org.testng.TestNG.runSuites(TestNG.java:1063)
at org.testng.TestNG.run(TestNG.java:1031)
at org.testng.remote.AbstractRemoteTestNG.run(AbstractRemoteTestNG.java:115)
at org.testng.remote.RemoteTestNG.initAndRun(RemoteTestNG.java:293)
at org.testng.remote.RemoteTestNG.main(RemoteTestNG.java:91)
]]>
            </full-stacktrace>
          </exception> <!-- java.lang.AssertionError -->
          <reporter-output>
          </reporter-output>
        </test-method> <!-- con_001 -->
        <test-method is-config="true" signature="CloseBrowser()[pri:0, instance:TC_Repo.CON_001@16293aa2]" started-at="2024-11-18T12:31:39 IST" name="CloseBrowser" finished-at="2024-11-18T12:31:39 IST" duration-ms="116" status="PASS">
          <reporter-output>
          </reporter-output>
        </test-method> <!-- CloseBrowser -->
        <test-method is-config="true" signature="loginOutOperation()[pri:0, instance:TC_Repo.CON_001@16293aa2]" started-at="2024-11-18T12:31:39 IST" name="loginOutOperation" finished-at="2024-11-18T12:31:39 IST" duration-ms="2" status="PASS">
          <reporter-output>
          </reporter-output>
        </test-method> <!-- loginOutOperation -->
        <test-method is-config="true" signature="SingOutOperation()[pri:0, instance:TC_Repo.CON_001@16293aa2]" started-at="2024-11-18T12:31:39 IST" name="SingOutOperation" finished-at="2024-11-18T12:31:39 IST" duration-ms="0" status="PASS">
          <reporter-output>
          </reporter-output>
        </test-method> <!-- SingOutOperation -->
      </class> <!-- TC_Repo.CON_001 -->
    </test> <!-- Default test -->
  </suite> <!-- Default suite -->
</testng-results>
